<?xml version="1.0" encoding="UTF-8"?>
<!-- Generated by org.testng.reporters.JUnitReportReporter -->
<testsuite skipped="0" hostname="Kushal" name="TestNGUnderstanding.UnderstandingTestNG" tests="1" failures="0" timestamp="03 Jun 2023 23:15:00 GMT" time="0.007" errors="0">
  <testcase name="TestCase" time="0.007" classname="TestNGUnderstanding.UnderstandingTestNG"/>
</testsuite> <!-- TestNGUnderstanding.UnderstandingTestNG -->
